2017-09-05 21:52:13 INFO  Version:66 - HCANN000001: Hibernate Commons Annotations {4.0.5.Final}
2017-09-05 21:52:13 INFO  Version:54 - HHH000412: Hibernate Core {4.3.10.Final}
2017-09-05 21:52:13 INFO  Environment:239 - HHH000206: hibernate.properties not found
2017-09-05 21:52:13 INFO  Environment:346 - HHH000021: Bytecode provider name : javassist
2017-09-05 21:52:13 INFO  Configuration:2075 - HHH000043: Configuring from resource: /hibernate.cfg.xml
2017-09-05 21:52:13 INFO  Configuration:2094 - HHH000040: Configuration resource: /hibernate.cfg.xml
2017-09-05 21:52:14 WARN  DTDEntityResolver:75 - HHH000223: Recognized obsolete hibernate namespace http://hibernate.sourceforge.net/. Use namespace http://www.hibernate.org/dtd/ instead. Refer to Hibernate 3.6 Migration Guide!
2017-09-05 21:55:20 INFO  Version:66 - HCANN000001: Hibernate Commons Annotations {4.0.5.Final}
2017-09-05 21:55:20 INFO  Version:54 - HHH000412: Hibernate Core {4.3.10.Final}
2017-09-05 21:55:20 INFO  Environment:239 - HHH000206: hibernate.properties not found
2017-09-05 21:55:20 INFO  Environment:346 - HHH000021: Bytecode provider name : javassist
2017-09-05 21:55:20 INFO  Configuration:2075 - HHH000043: Configuring from resource: /hibernate.cfg.xml
2017-09-05 21:55:20 INFO  Configuration:2094 - HHH000040: Configuration resource: /hibernate.cfg.xml
2017-09-05 21:55:20 WARN  DTDEntityResolver:75 - HHH000223: Recognized obsolete hibernate namespace http://hibernate.sourceforge.net/. Use namespace http://www.hibernate.org/dtd/ instead. Refer to Hibernate 3.6 Migration Guide!
2017-09-05 22:02:20 INFO  Version:66 - HCANN000001: Hibernate Commons Annotations {4.0.5.Final}
2017-09-05 22:02:20 INFO  Version:54 - HHH000412: Hibernate Core {4.3.10.Final}
2017-09-05 22:02:20 INFO  Environment:239 - HHH000206: hibernate.properties not found
2017-09-05 22:02:20 INFO  Environment:346 - HHH000021: Bytecode provider name : javassist
2017-09-05 22:02:20 INFO  Configuration:2075 - HHH000043: Configuring from resource: /hibernate.cfg.xml
2017-09-05 22:02:20 INFO  Configuration:2094 - HHH000040: Configuration resource: /hibernate.cfg.xml
2017-09-05 22:02:20 WARN  DTDEntityResolver:75 - HHH000223: Recognized obsolete hibernate namespace http://hibernate.sourceforge.net/. Use namespace http://www.hibernate.org/dtd/ instead. Refer to Hibernate 3.6 Migration Guide!
2017-09-05 22:02:21 INFO  Configuration:2216 - HHH000041: Configured SessionFactory: null
2017-09-05 22:02:22 WARN  DriverManagerConnectionProviderImpl:93 - HHH000402: Using Hibernate built-in connection pool (not for production use!)
2017-09-05 22:02:23 INFO  DriverManagerConnectionProviderImpl:166 - HHH000401: using driver [net.sourceforge.jtds.jdbc.Driver] at URL [jdbc:jtds:sqlserver://localhost/sistemHibernate]
2017-09-05 22:02:23 INFO  DriverManagerConnectionProviderImpl:175 - HHH000046: Connection properties: {user=sa, password=****}
2017-09-05 22:02:23 INFO  DriverManagerConnectionProviderImpl:180 - HHH000006: Autocommit mode: false
2017-09-05 22:02:23 INFO  DriverManagerConnectionProviderImpl:102 - HHH000115: Hibernate connection pool size: 1 (min=1)
2017-09-05 22:02:24 INFO  Dialect:145 - HHH000400: Using dialect: org.hibernate.dialect.SQLServerDialect
2017-09-05 22:02:24 INFO  LobCreatorBuilder:97 - HHH000423: Disabling contextual LOB creation as JDBC driver reported JDBC version [3] less than 4
2017-09-05 22:02:25 INFO  TransactionFactoryInitiator:62 - HHH000399: Using default transaction strategy (direct JDBC transactions)
2017-09-05 22:02:25 INFO  ASTQueryTranslatorFactory:47 - HHH000397: Using ASTQueryTranslatorFactory
2017-09-05 22:02:27 INFO  SchemaExport:344 - HHH000227: Running hbm2ddl schema export
2017-09-05 22:02:27 ERROR SchemaExport:426 - HHH000389: Unsuccessful: drop table Cliente
2017-09-05 22:02:27 ERROR SchemaExport:427 - Não é possível 'Descartar' o tabela 'Cliente', pois ele não existe ou você não tem permissão.
2017-09-05 22:02:27 INFO  SchemaExport:406 - HHH000230: Schema export complete
2017-09-05 22:02:28 INFO  DriverManagerConnectionProviderImpl:281 - HHH000030: Cleaning up connection pool [jdbc:jtds:sqlserver://localhost/sistemHibernate]
